<?xml version="1.0" encoding="UTF-8"?>
<testng-results skipped="0" failed="0" ignored="0" total="3" passed="3">
  <reporter-output>
  </reporter-output>
  <suite name="Default suite" duration-ms="60307" started-at="2020-09-01T20:54:14Z" finished-at="2020-09-01T20:55:14Z">
    <groups>
    </groups>
    <test name="Default test" duration-ms="60307" started-at="2020-09-01T20:54:14Z" finished-at="2020-09-01T20:55:14Z">
      <class name="com.qa.acti.testcases.TestLoginPage">
        <test-method status="PASS" signature="preClass()[pri:0, instance:com.qa.acti.testcases.TestLoginPage@13b32d7]" name="preClass" is-config="true" duration-ms="455" started-at="2020-09-01T20:54:14Z" finished-at="2020-09-01T20:54:15Z">
          <reporter-output>
          </reporter-output>
        </test-method> <!-- preClass -->
        <test-method status="PASS" signature="preTest()[pri:0, instance:com.qa.acti.testcases.TestLoginPage@13b32d7]" name="preTest" is-config="true" duration-ms="19341" started-at="2020-09-01T20:54:15Z" finished-at="2020-09-01T20:54:34Z">
          <reporter-output>
          </reporter-output>
        </test-method> <!-- preTest -->
        <test-method status="PASS" signature="testVerifyPageTitle()[pri:1, instance:com.qa.acti.testcases.TestLoginPage@13b32d7]" name="testVerifyPageTitle" duration-ms="60" started-at="2020-09-01T20:54:34Z" finished-at="2020-09-01T20:54:34Z">
          <reporter-output>
          </reporter-output>
        </test-method> <!-- testVerifyPageTitle -->
        <test-method status="PASS" signature="postTest()[pri:0, instance:com.qa.acti.testcases.TestLoginPage@13b32d7]" name="postTest" is-config="true" duration-ms="4605" started-at="2020-09-01T20:54:34Z" finished-at="2020-09-01T20:54:39Z">
          <reporter-output>
          </reporter-output>
        </test-method> <!-- postTest -->
        <test-method status="PASS" signature="preTest()[pri:0, instance:com.qa.acti.testcases.TestLoginPage@13b32d7]" name="preTest" is-config="true" duration-ms="8565" started-at="2020-09-01T20:54:39Z" finished-at="2020-09-01T20:54:47Z">
          <reporter-output>
          </reporter-output>
        </test-method> <!-- preTest -->
        <test-method status="PASS" signature="testActiLogoDisplayed()[pri:2, instance:com.qa.acti.testcases.TestLoginPage@13b32d7]" name="testActiLogoDisplayed" duration-ms="247" started-at="2020-09-01T20:54:47Z" finished-at="2020-09-01T20:54:47Z">
          <reporter-output>
          </reporter-output>
        </test-method> <!-- testActiLogoDisplayed -->
        <test-method status="PASS" signature="postTest()[pri:0, instance:com.qa.acti.testcases.TestLoginPage@13b32d7]" name="postTest" is-config="true" duration-ms="4444" started-at="2020-09-01T20:54:47Z" finished-at="2020-09-01T20:54:52Z">
          <reporter-output>
          </reporter-output>
        </test-method> <!-- postTest -->
        <test-method status="PASS" signature="preTest()[pri:0, instance:com.qa.acti.testcases.TestLoginPage@13b32d7]" name="preTest" is-config="true" duration-ms="8878" started-at="2020-09-01T20:54:53Z" finished-at="2020-09-01T20:55:02Z">
          <reporter-output>
          </reporter-output>
        </test-method> <!-- preTest -->
        <test-method status="PASS" signature="testLoginToApplication(java.lang.String, java.lang.String)[pri:3, instance:com.qa.acti.testcases.TestLoginPage@13b32d7]" name="testLoginToApplication" duration-ms="11920" started-at="2020-09-01T20:55:02Z" data-provider="testData" finished-at="2020-09-01T20:55:14Z">
          <params>
            <param index="0">
              <value>
                <![CDATA[admin]]>
              </value>
            </param>
            <param index="1">
              <value>
                <![CDATA[manager]]>
              </value>
            </param>
          </params>
          <reporter-output>
          </reporter-output>
        </test-method> <!-- testLoginToApplication -->
        <test-method status="PASS" signature="postTest()[pri:0, instance:com.qa.acti.testcases.TestLoginPage@13b32d7]" name="postTest" is-config="true" duration-ms="763" started-at="2020-09-01T20:55:14Z" finished-at="2020-09-01T20:55:14Z">
          <reporter-output>
          </reporter-output>
        </test-method> <!-- postTest -->
      </class> <!-- com.qa.acti.testcases.TestLoginPage -->
    </test> <!-- Default test -->
  </suite> <!-- Default suite -->
</testng-results>
