<?xml version="1.0" encoding="UTF-8"?>
<!-- Generated by org.testng.reporters.JUnitXMLReporter -->
<testsuite hostname="Nithya" ignored="0" name="Default test" tests="3" failures="0" timestamp="01 Sep 2020 20:55:14 GMT" time="60.307" errors="0">
  <testcase name="testVerifyPageTitle" time="0.06" classname="com.qa.acti.testcases.TestLoginPage"/>
  <testcase name="testActiLogoDisplayed" time="0.247" classname="com.qa.acti.testcases.TestLoginPage"/>
  <testcase name="testLoginToApplication" time="11.92" classname="com.qa.acti.testcases.TestLoginPage"/>
</testsuite> <!-- Default test -->
