<?xml version="1.0" encoding="UTF-8"?>
<testsuite name="TestSuite" time="25.683" tests="4" errors="0" skipped="0" failures="1">
  <properties>
[...]
</properties>
  <testcase name="testCreateNewCustomer" classname="com.qa.acti.testcases.TestCreateNewCustomer" time="14.823">
    <failure message="element click intercepted: Element &lt;a href=&quot;/logout.do&quot; id=&quot;logoutLink&quot; class=&quot;logout&quot; style=&quot;background:yellow; border:2px solid red;&quot;&gt;...&lt;/a&gt; is not clickable at point (1222, 9). Other element would receive the click: &lt;img src=&quot;/img/default/dialogs/exitconfirm/shade.png?hash=1846506722&quot; id=&quot;muar&quot; style=&quot;display: block;&quot;&gt;&#10;  (Session info: chrome=90.0.4430.85)&#10;Build info: version: &apos;3.141.59&apos;, revision: &apos;e82be7d358&apos;, time: &apos;2018-11-14T08:17:03&apos;&#10;System info: host: &apos;NITHYA&apos;, ip: &apos;192.168.1.157&apos;, os.name: &apos;Windows 10&apos;, os.arch: &apos;x86&apos;, os.version: &apos;10.0&apos;, java.version: &apos;1.8.0_191&apos;&#10;Driver info: org.openqa.selenium.chrome.ChromeDriver&#10;Capabilities {acceptInsecureCerts: false, browserName: chrome, browserVersion: 90.0.4430.85, chrome: {chromedriverVersion: 90.0.4430.24 (4c6d850f087da..., userDataDir: C:\Users\NITHYA~1\AppData\L...}, goog:chromeOptions: {debuggerAddress: localhost:63819}, javascriptEnabled: true, networkConnectionEnabled: false, pageLoadStrategy: normal, platform: WINDOWS, platformName: WINDOWS, proxy: Proxy(), setWindowRect: true, strictFileInteractability: false, timeouts: {implicit: 0, pageLoad: 300000, script: 30000}, unhandledPromptBehavior: dismiss and notify, webauthn:extension:largeBlob: true, webauthn:virtualAuthenticators: true}&#10;Session ID: 28aa240b4ceb14272785d8cb3732ffba" type="org.openqa.selenium.ElementClickInterceptedException"><![CDATA[org.openqa.selenium.ElementClickInterceptedException: element click intercepted: Element <a href="/logout.do" id="logoutLink" class="logout" style="background:yellow; border:2px solid red;">...</a> is not clickable at point (1222, 9). Other element would receive the click: <img src="/img/default/dialogs/exitconfirm/shade.png?hash=1846506722" id="muar" style="display: block;">
  (Session info: chrome=90.0.4430.85)
Build info: version: '3.141.59', revision: 'e82be7d358', time: '2018-11-14T08:17:03'
System info: host: 'NITHYA', ip: '192.168.1.157', os.name: 'Windows 10', os.arch: 'x86', os.version: '10.0', java.version: '1.8.0_191'
Driver info: org.openqa.selenium.chrome.ChromeDriver
Capabilities {acceptInsecureCerts: false, browserName: chrome, browserVersion: 90.0.4430.85, chrome: {chromedriverVersion: 90.0.4430.24 (4c6d850f087da..., userDataDir: C:\Users\NITHYA~1\AppData\L...}, goog:chromeOptions: {debuggerAddress: localhost:63819}, javascriptEnabled: true, networkConnectionEnabled: false, pageLoadStrategy: normal, platform: WINDOWS, platformName: WINDOWS, proxy: Proxy(), setWindowRect: true, strictFileInteractability: false, timeouts: {implicit: 0, pageLoad: 300000, script: 30000}, unhandledPromptBehavior: dismiss and notify, webauthn:extension:largeBlob: true, webauthn:virtualAuthenticators: true}
Session ID: 28aa240b4ceb14272785d8cb3732ffba
	at sun.reflect.NativeConstructorAccessorImpl.newInstance0(Native Method)
	at sun.reflect.NativeConstructorAccessorImpl.newInstance(NativeConstructorAccessorImpl.java:62)
	at sun.reflect.DelegatingConstructorAccessorImpl.newInstance(DelegatingConstructorAccessorImpl.java:45)
	at java.lang.reflect.Constructor.newInstance(Constructor.java:423)
	at org.openqa.selenium.remote.http.W3CHttpResponseCodec.createException(W3CHttpResponseCodec.java:187)
	at org.openqa.selenium.remote.http.W3CHttpResponseCodec.decode(W3CHttpResponseCodec.java:122)
	at org.openqa.selenium.remote.http.W3CHttpResponseCodec.decode(W3CHttpResponseCodec.java:49)
	at org.openqa.selenium.remote.HttpCommandExecutor.execute(HttpCommandExecutor.java:158)
	at org.openqa.selenium.remote.service.DriverCommandExecutor.execute(DriverCommandExecutor.java:83)
	at org.openqa.selenium.remote.RemoteWebDriver.execute(RemoteWebDriver.java:552)
	at org.openqa.selenium.remote.RemoteWebElement.execute(RemoteWebElement.java:285)
	at org.openqa.selenium.remote.RemoteWebElement.click(RemoteWebElement.java:84)
	at sun.reflect.NativeMethodAccessorImpl.invoke0(Native Method)
	at sun.reflect.NativeMethodAccessorImpl.invoke(NativeMethodAccessorImpl.java:62)
	at sun.reflect.DelegatingMethodAccessorImpl.invoke(DelegatingMethodAccessorImpl.java:43)
	at java.lang.reflect.Method.invoke(Method.java:498)
	at org.openqa.selenium.support.pagefactory.internal.LocatingElementHandler.invoke(LocatingElementHandler.java:51)
	at com.sun.proxy.$Proxy9.click(Unknown Source)
	at com.qa.acti.pages.EnterTimePage.clickLogoutLink(EnterTimePage.java:29)
	at com.qa.acti.testcases.TestCreateNewCustomer.testCreateNewCustomer(TestCreateNewCustomer.java:30)
]]></failure>
    <system-out><![CDATA[Current Page Title: actiTIME - Enter Time-Track
]]></system-out>
    <system-err><![CDATA[SLF4J: Failed to load class "org.slf4j.impl.StaticLoggerBinder".
SLF4J: Defaulting to no-operation (NOP) logger implementation
SLF4J: See http://www.slf4j.org/codes.html#StaticLoggerBinder for further details.
Starting ChromeDriver 90.0.4430.24 (4c6d850f087da467d926e8eddb76550aed655991-refs/branch-heads/4430@{#429}) on port 10829
Only local connections are allowed.
Please see https://chromedriver.chromium.org/security-considerations for suggestions on keeping ChromeDriver safe.
ChromeDriver was started successfully.
Apr 26, 2021 11:54:50 AM org.openqa.selenium.remote.ProtocolHandshake createSession
INFO: Detected dialect: W3C
]]></system-err>
  </testcase>
  <testcase name="testVerifyPageTitle" classname="com.qa.acti.testcases.TestLoginPage" time="0.031"/>
  <testcase name="testActiLogoDisplayed" classname="com.qa.acti.testcases.TestLoginPage" time="0.122"/>
  <testcase name="testLoginToApplication" classname="com.qa.acti.testcases.TestLoginPage" time="10.707"/>
</testsuite>